<?xml version="1.0" encoding="UTF-8"?>
<!-- Generated by org.testng.reporters.JUnitReportReporter -->
<testsuite hostname="DESKTOP-8SK4KDL" failures="0" tests="1" name="testing.NewTest" time="0.009" errors="0" timestamp="2022-06-15T00:42:57 IST" skipped="0">
  <testcase classname="testing.NewTest" name="test1" time="0.009"/>
  <system-out/>
</testsuite> <!-- testing.NewTest -->
